This is pdfTeX, Version 3.141592653-2.6-1.40.22 (TeX Live 2021) (preloaded format=pdflatex 2022.9.23)  13 FEB 2023 17:21
entering extended mode
 restricted \write18 enabled.
 %&-line parsing enabled.
**bps332manual.tex
(./bps332manual.tex
LaTeX2e <2020-10-01> patch level 4
L3 programming layer <2021-05-07>
(/usr/share/texlive/texmf-dist/tex/latex/base/book.cls
Document Class: book 2020/04/10 v1.4m Standard LaTeX document class
(/usr/share/texlive/texmf-dist/tex/latex/base/bk12.clo
File: bk12.clo 2020/04/10 v1.4m Standard LaTeX file (size option)
)
\c@part=\count179
\c@chapter=\count180
\c@section=\count181
\c@subsection=\count182
\c@subsubsection=\count183
\c@paragraph=\count184
\c@subparagraph=\count185
\c@figure=\count186
\c@table=\count187
\abovecaptionskip=\skip47
\belowcaptionskip=\skip48
\bibindent=\dimen138
)
(/usr/share/texlive/texmf-dist/tex/latex/base/inputenc.sty
Package: inputenc 2020/08/01 v1.3d Input encoding file
\inpenc@prehook=\toks15
\inpenc@posthook=\toks16
)
(/usr/share/texlive/texmf-dist/tex/latex/graphics/graphicx.sty
Package: graphicx 2020/09/09 v1.2b Enhanced LaTeX Graphics (DPC,SPQR)

(/usr/share/texlive/texmf-dist/tex/latex/graphics/keyval.sty
Package: keyval 2014/10/28 v1.15 key=value parser (DPC)
\KV@toks@=\toks17
)
(/usr/share/texlive/texmf-dist/tex/latex/graphics/graphics.sty
Package: graphics 2020/08/30 v1.4c Standard LaTeX Graphics (DPC,SPQR)

(/usr/share/texlive/texmf-dist/tex/latex/graphics/trig.sty
Package: trig 2016/01/03 v1.10 sin cos tan (DPC)
)
(/usr/share/texlive/texmf-dist/tex/latex/graphics-cfg/graphics.cfg
File: graphics.cfg 2016/06/04 v1.11 sample graphics configuration
)
Package graphics Info: Driver file: pdftex.def on input line 105.

(/usr/share/texlive/texmf-dist/tex/latex/graphics-def/pdftex.def
File: pdftex.def 2020/10/05 v1.2a Graphics/color driver for pdftex
))
\Gin@req@height=\dimen139
\Gin@req@width=\dimen140
)
(/usr/share/texlive/texmf-dist/tex/latex/graphics/color.sty
Package: color 2020/02/24 v1.2b Standard LaTeX Color (DPC)

(/usr/share/texlive/texmf-dist/tex/latex/graphics-cfg/color.cfg
File: color.cfg 2016/01/02 v1.6 sample color configuration
)
Package color Info: Driver file: pdftex.def on input line 147.
)
(/usr/share/texlive/texmf-dist/tex/latex/base/makeidx.sty
Package: makeidx 2014/09/29 v1.0m Standard LaTeX package
)
\@indexfile=\write3
\openout3 = `bps332manual.idx'.


Writing index file bps332manual.idx
(/usr/share/texlive/texmf-dist/tex/latex/l3backend/l3backend-pdftex.def
File: l3backend-pdftex.def 2021-05-07 L3 backend support: PDF output (pdfTeX)
\l__color_backend_stack_int=\count188
\l__pdf_internal_box=\box47
)
(./bps332manual.aux (./TeX_files/introduction.aux) (./TeX_files/chapter01.aux

LaTeX Warning: Label `fig:main-msg-cntr' multiply defined.

) (./TeX_files/chapter02.aux) (./TeX_files/chapter03.aux)
(./TeX_files/chapter04.aux) (./TeX_files/chapter05.aux)
(./TeX_files/chapter06.aux) (./TeX_files/chapter07.aux)
(./TeX_files/chapter08.aux) (./TeX_files/chapter09.aux)
(./TeX_files/chapter10.aux))
\openout1 = `bps332manual.aux'.

LaTeX Font Info:    Checking defaults for OML/cmm/m/it on input line 7.
LaTeX Font Info:    ... okay on input line 7.
LaTeX Font Info:    Checking defaults for OMS/cmsy/m/n on input line 7.
LaTeX Font Info:    ... okay on input line 7.
LaTeX Font Info:    Checking defaults for OT1/cmr/m/n on input line 7.
LaTeX Font Info:    ... okay on input line 7.
LaTeX Font Info:    Checking defaults for T1/cmr/m/n on input line 7.
LaTeX Font Info:    ... okay on input line 7.
LaTeX Font Info:    Checking defaults for TS1/cmr/m/n on input line 7.
LaTeX Font Info:    ... okay on input line 7.
LaTeX Font Info:    Checking defaults for OMX/cmex/m/n on input line 7.
LaTeX Font Info:    ... okay on input line 7.
LaTeX Font Info:    Checking defaults for U/cmr/m/n on input line 7.
LaTeX Font Info:    ... okay on input line 7.

(/usr/share/texlive/texmf-dist/tex/context/base/mkii/supp-pdf.mkii
[Loading MPS to PDF converter (version 2006.09.02).]
\scratchcounter=\count189
\scratchdimen=\dimen141
\scratchbox=\box48
\nofMPsegments=\count190
\nofMParguments=\count191
\everyMPshowfont=\toks18
\MPscratchCnt=\count192
\MPscratchDim=\dimen142
\MPnumerator=\count193
\makeMPintoPDFobject=\count194
\everyMPtoPDFconversion=\toks19
) (/usr/share/texlive/texmf-dist/tex/latex/epstopdf-pkg/epstopdf-base.sty
Package: epstopdf-base 2020-01-24 v2.11 Base part for package epstopdf
Package epstopdf-base Info: Redefining graphics rule for `.eps' on input line 4
85.

(/usr/share/texlive/texmf-dist/tex/latex/latexconfig/epstopdf-sys.cfg
File: epstopdf-sys.cfg 2010/07/13 v1.3 Configuration of (r)epstopdf for TeX Liv
e
))
LaTeX Font Info:    External font `cmex10' loaded for size
(Font)              <14.4> on input line 15.
LaTeX Font Info:    External font `cmex10' loaded for size
(Font)              <7> on input line 15.

[1



{/usr/share/texlive/texmf-var/fonts/map/pdftex/updmap/pdftex.map}] [2

]
(./bps332manual.toc
LaTeX Font Info:    External font `cmex10' loaded for size
(Font)              <12> on input line 2.
LaTeX Font Info:    External font `cmex10' loaded for size
(Font)              <8> on input line 2.
LaTeX Font Info:    External font `cmex10' loaded for size
(Font)              <6> on input line 2.
 [3] [4])
\tf@toc=\write4
\openout4 = `bps332manual.toc'.

 [5] [6

] (./bps332manual.lof [7])
\tf@lof=\write5
\openout5 = `bps332manual.lof'.

 [8]
\openout2 = `./TeX_files/introduction.aux'.


(./TeX_files/introduction.tex
<screen-captures/main/main-full.png, id=32, 807.015pt x 706.64pt>
File: screen-captures/main/main-full.png Graphic file (type png)
<use screen-captures/main/main-full.png>
Package pdftex.def Info: screen-captures/main/main-full.png  used on input line
 9.
(pdftex.def)             Requested size: 195.0pt x 170.74pt.
) [9


] [10 <./screen-captures/main/main-full.png>]
[11] [12



]
\openout2 = `./TeX_files/chapter01.aux'.

 (./TeX_files/chapter01.tex
Chapter 1.
File: screen-captures/main/main-full.png Graphic file (type png)
<use screen-captures/main/main-full.png>
Package pdftex.def Info: screen-captures/main/main-full.png  used on input line
 6.
(pdftex.def)             Requested size: 195.0pt x 170.74pt.

Underfull \vbox (badness 10000) has occurred while \output is active []

 [1


]
<screen-captures/main/main-nav.png, id=53, 205.76875pt x 248.93pt>
File: screen-captures/main/main-nav.png Graphic file (type png)
<use screen-captures/main/main-nav.png>
Package pdftex.def Info: screen-captures/main/main-nav.png  used on input line 
23.
(pdftex.def)             Requested size: 117.00119pt x 141.54211pt.

Overfull \hbox (8.64795pt too wide) in paragraph at lines 20--27
 \OT1/cmr/bx/n/12 Nav-i-ga-tion[] \OT1/cmr/m/n/12 is per-formed by us-ing the p
ro-grammable Func-tion Keys (FKeys)
 []

<screen-captures/menu.png, id=54, 90.3375pt x 66.2475pt>
File: screen-captures/menu.png Graphic file (type png)
<use screen-captures/menu.png>
Package pdftex.def Info: screen-captures/menu.png  used on input line 36.
(pdftex.def)             Requested size: 56.9055pt x 41.73108pt.

Overfull \hbox (36.79132pt too wide) in paragraph at lines 33--42
[]$$[]$
 []

[2]
Underfull \vbox (badness 10000) has occurred while \output is active []

 [3 <./screen-captures/main/main-nav.png> <./screen-captures/menu.png>]
<screen-captures/main/message-centre.png, id=64, 548.0475pt x 122.4575pt>
File: screen-captures/main/message-centre.png Graphic file (type png)
<use screen-captures/main/message-centre.png>
Package pdftex.def Info: screen-captures/main/message-centre.png  used on input
 line 46.
(pdftex.def)             Requested size: 195.0pt x 43.5708pt.
<screen-captures/main/main-axii-pos.png, id=65, 478.78876pt x 62.2325pt>
File: screen-captures/main/main-axii-pos.png Graphic file (type png)
<use screen-captures/main/main-axii-pos.png>
Package pdftex.def Info: screen-captures/main/main-axii-pos.png  used on input 
line 52.
(pdftex.def)             Requested size: 195.0pt x 25.3455pt.

Underfull \vbox (badness 10000) has occurred while \output is active []

 [4 <./screen-captures/main/message-centre.png> <./screen-captures/main/main-ax
ii-pos.png>]
<screen-captures/main/main-saw-info.png, id=71, 234.8775pt x 183.68625pt>
File: screen-captures/main/main-saw-info.png Graphic file (type png)
<use screen-captures/main/main-saw-info.png>
Package pdftex.def Info: screen-captures/main/main-saw-info.png  used on input 
line 63.
(pdftex.def)             Requested size: 77.99881pt x 60.99782pt.

Underfull \vbox (badness 10000) has occurred while \output is active []

 [5 <./screen-captures/main/main-saw-info.png>]
<screen-captures/main/main-pgm-step.png, id=76, 633.36626pt x 49.18375pt>
File: screen-captures/main/main-pgm-step.png Graphic file (type png)
<use screen-captures/main/main-pgm-step.png>
Package pdftex.def Info: screen-captures/main/main-pgm-step.png  used on input 
line 73.
(pdftex.def)             Requested size: 370.49881pt x 28.77124pt.
<screen-captures/main/main-screen-opctl.png, id=77, 400.49625pt x 177.66376pt>
File: screen-captures/main/main-screen-opctl.png Graphic file (type png)
<use screen-captures/main/main-screen-opctl.png>
Package pdftex.def Info: screen-captures/main/main-screen-opctl.png  used on in
put line 81.
(pdftex.def)             Requested size: 292.5pt x 129.76393pt.

Underfull \vbox (badness 10000) has occurred while \output is active []

 [6 <./screen-captures/main/main-pgm-step.png>]
<screen-captures/main/main-mode-strt-stp.png, id=82, 268.00125pt x 179.67125pt>

File: screen-captures/main/main-mode-strt-stp.png Graphic file (type png)
<use screen-captures/main/main-mode-strt-stp.png>
Package pdftex.def Info: screen-captures/main/main-mode-strt-stp.png  used on i
nput line 91.
(pdftex.def)             Requested size: 253.49762pt x 169.94647pt.
 [7 <./screen-captures/main/main-screen-opctl.png>] [8 <./screen-captures/main/
main-mode-strt-stp.png>]
<screen-captures/main/main-mach-full-stop.png, id=90, 93.34875pt x 178.6675pt>
File: screen-captures/main/main-mach-full-stop.png Graphic file (type png)
<use screen-captures/main/main-mach-full-stop.png>
Package pdftex.def Info: screen-captures/main/main-mach-full-stop.png  used on 
input line 99.
(pdftex.def)             Requested size: 77.99881pt x 149.29451pt.
 [9 <./screen-captures/main/main-mach-full-stop.png>]) [10]
\openout2 = `./TeX_files/chapter02.aux'.

 (./TeX_files/chapter02.tex
Chapter 2.
<screen-captures/alarms/alarms.png, id=97, 807.015pt x 706.64pt>
File: screen-captures/alarms/alarms.png Graphic file (type png)
<use screen-captures/alarms/alarms.png>
Package pdftex.def Info: screen-captures/alarms/alarms.png  used on input line 
7.
(pdftex.def)             Requested size: 292.5pt x 256.11539pt.

Underfull \vbox (badness 10000) has occurred while \output is active []

 [11




]
<screen-captures/alarms/alarms-nav.png, id=101, 195.73125pt x 172.645pt>
File: screen-captures/alarms/alarms-nav.png Graphic file (type png)
<use screen-captures/alarms/alarms-nav.png>
Package pdftex.def Info: screen-captures/alarms/alarms-nav.png  used on input l
ine 26.
(pdftex.def)             Requested size: 117.00119pt x 103.20317pt.
File: screen-captures/menu.png Graphic file (type png)
<use screen-captures/menu.png>
Package pdftex.def Info: screen-captures/menu.png  used on input line 34.
(pdftex.def)             Requested size: 56.9055pt x 41.73108pt.

Overfull \hbox (36.79132pt too wide) in paragraph at lines 31--40
[]$$[]$
 []

[12 <./screen-captures/alarms/alarms.png>]
Underfull \vbox (badness 10000) has occurred while \output is active []

 [13 <./screen-captures/alarms/alarms-nav.png>]
<screen-captures/alarms/alarms-recovery.png, id=110, 529.98pt x 220.825pt>
File: screen-captures/alarms/alarms-recovery.png Graphic file (type png)
<use screen-captures/alarms/alarms-recovery.png>
Package pdftex.def Info: screen-captures/alarms/alarms-recovery.png  used on in
put line 49.
(pdftex.def)             Requested size: 195.0pt x 81.24907pt.
<screen-captures/alarms/alarms-reset.png, id=111, 773.89125pt x 72.27pt>
File: screen-captures/alarms/alarms-reset.png Graphic file (type png)
<use screen-captures/alarms/alarms-reset.png>
Package pdftex.def Info: screen-captures/alarms/alarms-reset.png  used on input
 line 56.
(pdftex.def)             Requested size: 117.00119pt x 10.92604pt.
 [14 <./screen-captures/alarms/alarms-recovery.png>]
Overfull \hbox (5.72667pt too wide) in paragraph at lines 61--62
 []\OT1/cmr/bx/n/20.74 ![] \OT1/cmr/m/n/12 A fault that is trig-gered must be c
leared by an Op-er-a-tor ac-knowl-edge(\OT1/cmr/bx/n/12 Ack\OT1/cmr/m/n/12 )
 []


Overfull \hbox (5.68123pt too wide) in paragraph at lines 67--68
[]\OT1/cmr/bx/n/12 Cross Travel Alarm \OT1/cmr/m/it/12 Check the Cross Travel D
rive and Re-set if Faulted.
 []

[15 <./screen-captures/alarms/alarms-reset.png>] [16]
Overfull \hbox (1.79305pt too wide) in paragraph at lines 90--91
[]\OT1/cmr/bx/n/12 Vertical Drive Over-load Alarm \OT1/cmr/m/it/12 Check the Ve
r-ti-cal Travel Ball Screw
 []

[17]) [18] [19]
\openout2 = `./TeX_files/chapter03.aux'.

 (./TeX_files/chapter03.tex [20




]
Chapter 3.
<screen-captures/manual/manual.png, id=136, 795.97375pt x 609.27625pt>
File: screen-captures/manual/manual.png Graphic file (type png)
<use screen-captures/manual/manual.png>
Package pdftex.def Info: screen-captures/manual/manual.png  used on input line 
6.
(pdftex.def)             Requested size: 195.0pt x 149.26004pt.
<screen-captures/manual/manual-nav.png, id=137, 215.80624pt x 588.1975pt>
File: screen-captures/manual/manual-nav.png Graphic file (type png)
<use screen-captures/manual/manual-nav.png>
Package pdftex.def Info: screen-captures/manual/manual-nav.png  used on input l
ine 13.
(pdftex.def)             Requested size: 117.00119pt x 318.8964pt.

Underfull \vbox (badness 10000) has occurred while \output is active []

 [21 <./screen-captures/manual/manual.png (PNG copy)>] [22 <./screen-captures/m
anual/manual-nav.png>]
File: screen-captures/menu.png Graphic file (type png)
<use screen-captures/menu.png>
Package pdftex.def Info: screen-captures/menu.png  used on input line 38.
(pdftex.def)             Requested size: 56.9055pt x 41.73108pt.
<screen-captures/manual/manual-home-all.png, id=144, 96.36pt x 248.93pt>
File: screen-captures/manual/manual-home-all.png Graphic file (type png)
<use screen-captures/manual/manual-home-all.png>
Package pdftex.def Info: screen-captures/manual/manual-home-all.png  used on in
put line 46.
(pdftex.def)             Requested size: 77.99881pt x 201.49544pt.

Overfull \hbox (36.79132pt too wide) in paragraph at lines 35--50
[]$$[]$
 []


Underfull \vbox (badness 10000) has occurred while \output is active []

 [23]
[24 <./screen-captures/manual/manual-home-all.png>]
<screen-captures/manual/manual-lazer.png, id=151, 104.39pt x 255.95625pt>
File: screen-captures/manual/manual-lazer.png Graphic file (type png)
<use screen-captures/manual/manual-lazer.png>
Package pdftex.def Info: screen-captures/manual/manual-lazer.png  used on input
 line 69.
(pdftex.def)             Requested size: 77.99881pt x 191.25589pt.

Underfull \vbox (badness 10000) has occurred while \output is active []

 [25]
<screen-captures/manual/manual-water.png, id=156, 101.37875pt x 259.97125pt>
File: screen-captures/manual/manual-water.png Graphic file (type png)
<use screen-captures/manual/manual-water.png>
Package pdftex.def Info: screen-captures/manual/manual-water.png  used on input
 line 79.
(pdftex.def)             Requested size: 77.99881pt x 200.0198pt.

Underfull \vbox (badness 10000) has occurred while \output is active []

 [26 <./screen-captures/manual/manual-lazer.png>]
<screen-captures/manual/manual-saw.png, id=160, 97.36375pt x 329.23pt>
File: screen-captures/manual/manual-saw.png Graphic file (type png)
<use screen-captures/manual/manual-saw.png>
Package pdftex.def Info: screen-captures/manual/manual-saw.png  used on input l
ine 89.
(pdftex.def)             Requested size: 77.99881pt x 263.7561pt.

Underfull \vbox (badness 7116) has occurred while \output is active []

 [27 <./screen-captures/manual/manual-water.png>])
Underfull \vbox (badness 5417) has occurred while \output is active []

 [28 <./screen-captures/manual/manual-saw.png>] [29]
\openout2 = `./TeX_files/chapter04.aux'.

 (./TeX_files/chapter04.tex [30




]
Chapter 4.
<screen-captures/manual/vert-manual.png, id=175, 807.015pt x 706.64pt>
File: screen-captures/manual/vert-manual.png Graphic file (type png)
<use screen-captures/manual/vert-manual.png>
Package pdftex.def Info: screen-captures/manual/vert-manual.png  used on input 
line 4.
(pdftex.def)             Requested size: 195.0pt x 170.74pt.

Underfull \vbox (badness 10000) has occurred while \output is active []

 [31]
<screen-captures/manual/vert-manual-nav.png, id=180, 225.84375pt x 608.2725pt>
File: screen-captures/manual/vert-manual-nav.png Graphic file (type png)
<use screen-captures/manual/vert-manual-nav.png>
Package pdftex.def Info: screen-captures/manual/vert-manual-nav.png  used on in
put line 19.
(pdftex.def)             Requested size: 77.99881pt x 210.077pt.
File: screen-captures/menu.png Graphic file (type png)
<use screen-captures/menu.png>
Package pdftex.def Info: screen-captures/menu.png  used on input line 35.
(pdftex.def)             Requested size: 56.9055pt x 41.73108pt.
<screen-captures/manual/vert-manual-home.png, id=181, 108.405pt x 258.9675pt>
File: screen-captures/manual/vert-manual-home.png Graphic file (type png)
<use screen-captures/manual/vert-manual-home.png>
Package pdftex.def Info: screen-captures/manual/vert-manual-home.png  used on i
nput line 42.
(pdftex.def)             Requested size: 77.99881pt x 186.33789pt.

Overfull \hbox (36.79132pt too wide) in paragraph at lines 32--46
[]$$[]$
 []

[32 <./screen-captures/manual/vert-manual.png>]
<screen-captures/manual/vert-manual-command.png, id=186, 225.84375pt x 256.96pt
>
File: screen-captures/manual/vert-manual-command.png Graphic file (type png)
<use screen-captures/manual/vert-manual-command.png>
Package pdftex.def Info: screen-captures/manual/vert-manual-command.png  used o
n input line 50.
(pdftex.def)             Requested size: 77.99881pt x 88.74539pt.
 [33 <./screen-captures/manual/vert-manual-nav.png>]) [34 <./screen-captures/ma
nual/vert-manual-home.png> <./screen-captures/manual/vert-manual-command.png>]
\openout2 = `./TeX_files/chapter05.aux'.

 (./TeX_files/chapter05.tex
Chapter 5.
<screen-captures/manual/trans-manual.png, id=196, 807.015pt x 706.64pt>
File: screen-captures/manual/trans-manual.png Graphic file (type png)
<use screen-captures/manual/trans-manual.png>
Package pdftex.def Info: screen-captures/manual/trans-manual.png  used on input
 line 4.
(pdftex.def)             Requested size: 195.0pt x 170.74pt.
<screen-captures/manual/trans-manual-nav.png, id=197, 222.8325pt x 576.1525pt>
File: screen-captures/manual/trans-manual-nav.png Graphic file (type png)
<use screen-captures/manual/trans-manual-nav.png>
Package pdftex.def Info: screen-captures/manual/trans-manual-nav.png  used on i
nput line 17.
(pdftex.def)             Requested size: 77.99881pt x 201.67397pt.
[35




] [36 <./screen-captures/manual/trans-manual.png> <./screen-captures/manual/tra
ns-manual-nav.png>]
Overfull \hbox (0.27379pt too wide) in paragraph at lines 26--27
[]\OT1/cmr/bx/n/12 VERTICAL MAN-UAL \OT1/cmr/m/n/12 Nav-i-gate to Ver-ti-cal Ma
n-ual Con-trol Screen. 
 []

File: screen-captures/menu.png Graphic file (type png)
<use screen-captures/menu.png>
Package pdftex.def Info: screen-captures/menu.png  used on input line 33.
(pdftex.def)             Requested size: 56.9055pt x 41.73108pt.

Overfull \hbox (36.79132pt too wide) in paragraph at lines 30--38
[]$$[]$ 
 []

<screen-captures/manual/trans-manual-home.png, id=206, 116.435pt x 232.87pt>
File: screen-captures/manual/trans-manual-home.png Graphic file (type png)
<use screen-captures/manual/trans-manual-home.png>
Package pdftex.def Info: screen-captures/manual/trans-manual-home.png  used on 
input line 41.
(pdftex.def)             Requested size: 77.99881pt x 156.0043pt.
[37 <./screen-captures/manual/trans-manual-home.png>]
<screen-captures/manual/trans-manual-command.png, id=212, 204.765pt x 236.885pt
>
File: screen-captures/manual/trans-manual-command.png Graphic file (type png)
<use screen-captures/manual/trans-manual-command.png>
Package pdftex.def Info: screen-captures/manual/trans-manual-command.png  used 
on input line 50.
(pdftex.def)             Requested size: 77.99881pt x 90.2341pt.
<screen-captures/manual/trans-manual-fdbk.png, id=213, 358.33875pt x 31.11626pt
>
File: screen-captures/manual/trans-manual-fdbk.png Graphic file (type png)
<use screen-captures/manual/trans-manual-fdbk.png>
Package pdftex.def Info: screen-captures/manual/trans-manual-fdbk.png  used on 
input line 56.
(pdftex.def)             Requested size: 77.99881pt x 6.77295pt.
) [38 <./screen-captures/manual/trans-manual-command.png> <./screen-captures/ma
nual/trans-manual-fdbk.png>]
\openout2 = `./TeX_files/chapter06.aux'.

 (./TeX_files/chapter06.tex
Chapter 6.
<screen-captures/manual/long-manual.png, id=220, 807.015pt x 706.64pt>
File: screen-captures/manual/long-manual.png Graphic file (type png)
<use screen-captures/manual/long-manual.png>
Package pdftex.def Info: screen-captures/manual/long-manual.png  used on input 
line 5.
(pdftex.def)             Requested size: 195.0pt x 170.74pt.

Underfull \vbox (badness 3735) has occurred while \output is active []

 [39




]
Overfull \hbox (0.27379pt too wide) in paragraph at lines 22--23
[]\OT1/cmr/bx/n/12 VERTICAL MAN-UAL \OT1/cmr/m/n/12 Nav-i-gate to Ver-ti-cal Ma
n-ual Con-trol Screen. 
 []

<screen-captures/manual/long-manual-nav.png, id=224, 235.88126pt x 510.90875pt>

File: screen-captures/manual/long-manual-nav.png Graphic file (type png)
<use screen-captures/manual/long-manual-nav.png>
Package pdftex.def Info: screen-captures/manual/long-manual-nav.png  used on in
put line 27.
(pdftex.def)             Requested size: 77.99881pt x 168.94342pt.
File: screen-captures/menu.png Graphic file (type png)
<use screen-captures/menu.png>
Package pdftex.def Info: screen-captures/menu.png  used on input line 35.
(pdftex.def)             Requested size: 56.9055pt x 41.73108pt.

Overfull \hbox (36.79132pt too wide) in paragraph at lines 32--41
[]$$[]$
 []

[40 <./screen-captures/manual/long-manual.png>]
<screen-captures/manual/long-manual-home.png, id=229, 112.42pt x 248.93pt>
File: screen-captures/manual/long-manual-home.png Graphic file (type png)
<use screen-captures/manual/long-manual-home.png>
Package pdftex.def Info: screen-captures/manual/long-manual-home.png  used on i
nput line 44.
(pdftex.def)             Requested size: 77.99881pt x 172.71906pt.
<screen-captures/manual/long-manual-tolim.png, id=230, 112.42pt x 256.96pt>
File: screen-captures/manual/long-manual-tolim.png Graphic file (type png)
<use screen-captures/manual/long-manual-tolim.png>
Package pdftex.def Info: screen-captures/manual/long-manual-tolim.png  used on 
input line 50.
(pdftex.def)             Requested size: 77.99881pt x 178.29065pt.

Underfull \vbox (badness 10000) has occurred while \output is active []

 [41 <./screen-captures/manual/long-manual-nav.png>] [42 <./screen-captures/man
ual/long-manual-home.png> <./screen-captures/manual/long-manual-tolim.png>]
<screen-captures/manual/long-manual-command.png, id=240, 310.15875pt x 253.9487
5pt>
File: screen-captures/manual/long-manual-command.png Graphic file (type png)
<use screen-captures/manual/long-manual-command.png>
Package pdftex.def Info: screen-captures/manual/long-manual-command.png  used o
n input line 59.
(pdftex.def)             Requested size: 77.99881pt x 63.86288pt.
) [43 <./screen-captures/manual/long-manual-command.png>]
\openout2 = `./TeX_files/chapter07.aux'.

 (./TeX_files/chapter07.tex [44




]
Chapter 7.
<screen-captures/program/pgm-saw-info.png, id=249, 789.95125pt x 611.28375pt>
File: screen-captures/program/pgm-saw-info.png Graphic file (type png)
<use screen-captures/program/pgm-saw-info.png>
Package pdftex.def Info: screen-captures/program/pgm-saw-info.png  used on inpu
t line 5.
(pdftex.def)             Requested size: 195.0pt x 150.88979pt.
[45]
Overfull \hbox (0.27379pt too wide) in paragraph at lines 22--23
[]\OT1/cmr/bx/n/12 VERTICAL MAN-UAL \OT1/cmr/m/n/12 Nav-i-gate to Ver-ti-cal Ma
n-ual Con-trol Screen. 
 []

<screen-captures/program/pgm-saw-info-nav.png, id=253, 254.9525pt x 615.29875pt
>
File: screen-captures/program/pgm-saw-info-nav.png Graphic file (type png)
<use screen-captures/program/pgm-saw-info-nav.png>
Package pdftex.def Info: screen-captures/program/pgm-saw-info-nav.png  used on 
input line 28.
(pdftex.def)             Requested size: 77.99881pt x 188.24324pt.
File: screen-captures/menu.png Graphic file (type png)
<use screen-captures/menu.png>
Package pdftex.def Info: screen-captures/menu.png  used on input line 36.
(pdftex.def)             Requested size: 56.9055pt x 41.73108pt.

Overfull \hbox (36.79132pt too wide) in paragraph at lines 33--42
[]$$[]$
 []

[46 <./screen-captures/program/pgm-saw-info.png>]
<screen-captures/program/pgm-saw-info-entry.png, id=258, 506.89375pt x 171.6412
5pt>
File: screen-captures/program/pgm-saw-info-entry.png Graphic file (type png)
<use screen-captures/program/pgm-saw-info-entry.png>
Package pdftex.def Info: screen-captures/program/pgm-saw-info-entry.png  used o
n input line 45.
(pdftex.def)             Requested size: 77.99881pt x 26.4103pt.
<screen-captures/program/pgm-cross-travel-spd-or.png, id=259, 374.39874pt x 47.
17625pt>
File: screen-captures/program/pgm-cross-travel-spd-or.png Graphic file (type pn
g)
<use screen-captures/program/pgm-cross-travel-spd-or.png>
Package pdftex.def Info: screen-captures/program/pgm-cross-travel-spd-or.png  u
sed on input line 53.
(pdftex.def)             Requested size: 77.99881pt x 9.82811pt.
 [47 <./screen-captures/program/pgm-saw-info-nav.png> <./screen-captures/progra
m/pgm-saw-info-entry.png>])
[48 <./screen-captures/program/pgm-cross-travel-spd-or.png>]
\openout2 = `./TeX_files/chapter08.aux'.


(./TeX_files/chapter08.tex
Chapter 8.
<screen-captures/program/cut-pgm.png, id=269, 807.015pt x 706.64pt>
File: screen-captures/program/cut-pgm.png Graphic file (type png)
<use screen-captures/program/cut-pgm.png>
Package pdftex.def Info: screen-captures/program/cut-pgm.png  used on input lin
e 5.
(pdftex.def)             Requested size: 195.0pt x 170.74pt.

Underfull \vbox (badness 3977) has occurred while \output is active []

 [49




]
Overfull \hbox (0.27379pt too wide) in paragraph at lines 22--23
[]\OT1/cmr/bx/n/12 VERTICAL MAN-UAL \OT1/cmr/m/n/12 Nav-i-gate to Ver-ti-cal Ma
n-ual Con-trol Screen. 
 []

<screen-captures/program/cut-pgm-nav.png, id=274, 252.945pt x 706.64pt>
File: screen-captures/program/cut-pgm-nav.png Graphic file (type png)
<use screen-captures/program/cut-pgm-nav.png>
Package pdftex.def Info: screen-captures/program/cut-pgm-nav.png  used on input
 line 28.
(pdftex.def)             Requested size: 77.99881pt x 217.9024pt.
File: screen-captures/menu.png Graphic file (type png)
<use screen-captures/menu.png>
Package pdftex.def Info: screen-captures/menu.png  used on input line 36.
(pdftex.def)             Requested size: 56.9055pt x 41.73108pt.

Overfull \hbox (36.79132pt too wide) in paragraph at lines 33--42
[]$$[]$
 []

[50 <./screen-captures/program/cut-pgm.png>]
<screen-captures/program/cut-pgm-block.png, id=279, 518.93875pt x 212.795pt>
File: screen-captures/program/cut-pgm-block.png Graphic file (type png)
<use screen-captures/program/cut-pgm-block.png>
Package pdftex.def Info: screen-captures/program/cut-pgm-block.png  used on inp
ut line 47.
(pdftex.def)             Requested size: 77.99881pt x 31.9828pt.

Underfull \vbox (badness 8170) has occurred while \output is active []

 [51 <./screen-captures/program/cut-pgm-nav.png>]
Underfull \vbox (badness 10000) has occurred while \output is active []

 [52 <./screen-captures/program/cut-pgm-block.png>]
<screen-captures/program/cut-pgm-slab.png, id=288, 526.96875pt x 250.9375pt>
File: screen-captures/program/cut-pgm-slab.png Graphic file (type png)
<use screen-captures/program/cut-pgm-slab.png>
Package pdftex.def Info: screen-captures/program/cut-pgm-slab.png  used on inpu
t line 58.
(pdftex.def)             Requested size: 77.99881pt x 37.14122pt.
) [53 <./screen-captures/program/cut-pgm-slab.png>]
\openout2 = `./TeX_files/chapter09.aux'.

 (./TeX_files/chapter09.tex [54




]
Chapter 9.
<screen-captures/program/pgm_review1.png, id=296, 791.95876pt x 608.2725pt>
File: screen-captures/program/pgm_review1.png Graphic file (type png)
<use screen-captures/program/pgm_review1.png>
Package pdftex.def Info: screen-captures/program/pgm_review1.png  used on input
 line 5.
(pdftex.def)             Requested size: 195.0pt x 149.76595pt.

Underfull \vbox (badness 10000) has occurred while \output is active []

 [55 <./screen-captures/program/pgm_review1.png>]
Underfull \vbox (badness 10000) has occurred while \output is active []

 [56]
<screen-captures/program/pgm-review1-nav.png, id=305, 196.735pt x 590.205pt>
File: screen-captures/program/pgm-review1-nav.png Graphic file (type png)
<use screen-captures/program/pgm-review1-nav.png>
Package pdftex.def Info: screen-captures/program/pgm-review1-nav.png  used on i
nput line 27.
(pdftex.def)             Requested size: 77.99881pt x 233.98846pt.
File: screen-captures/menu.png Graphic file (type png)
<use screen-captures/menu.png>
Package pdftex.def Info: screen-captures/menu.png  used on input line 35.
(pdftex.def)             Requested size: 56.9055pt x 41.73108pt.

Overfull \hbox (36.79132pt too wide) in paragraph at lines 32--41
[]$$[]$
 []

[57 <./screen-captures/program/pgm-review1-nav.png>]
Underfull \vbox (badness 10000) has occurred while \output is active []

 [58]
<screen-captures/program/pgm_review1-block-data.png, id=313, 572.1375pt x 343.2
825pt>
File: screen-captures/program/pgm_review1-block-data.png Graphic file (type png
)
<use screen-captures/program/pgm_review1-block-data.png>
Package pdftex.def Info: screen-captures/program/pgm_review1-block-data.png  us
ed on input line 45.
(pdftex.def)             Requested size: 195.0pt x 116.99734pt.
<screen-captures/program/pgm_review1-aut-rst.png, id=314, 209.78375pt x 94.3525
pt>
File: screen-captures/program/pgm_review1-aut-rst.png Graphic file (type png)
<use screen-captures/program/pgm_review1-aut-rst.png>
Package pdftex.def Info: screen-captures/program/pgm_review1-aut-rst.png  used 
on input line 54.
(pdftex.def)             Requested size: 77.99881pt x 35.07974pt.

[59 <./screen-captures/program/pgm_review1-block-data.png>]
<screen-captures/program/pgm_review1-clr-pgm.png, id=319, 539.01375pt x 68.255p
t>
File: screen-captures/program/pgm_review1-clr-pgm.png Graphic file (type png)
<use screen-captures/program/pgm_review1-clr-pgm.png>
Package pdftex.def Info: screen-captures/program/pgm_review1-clr-pgm.png  used 
on input line 61.
(pdftex.def)             Requested size: 117.00119pt x 14.81512pt.
<screen-captures/program/global_speed.png, id=320, 796.9775pt x 613.29124pt>
File: screen-captures/program/global_speed.png Graphic file (type png)
<use screen-captures/program/global_speed.png>
Package pdftex.def Info: screen-captures/program/global_speed.png  used on inpu
t line 73.
(pdftex.def)             Requested size: 312.00119pt x 240.09035pt.
 [60 <./screen-captures/program/pgm_review1-aut-rst.png> <./screen-captures/pro
gram/pgm_review1-clr-pgm.png>]) [61 <./screen-captures/program/global_speed.png
>]
\openout2 = `./TeX_files/chapter10.aux'.


(./TeX_files/chapter10.tex [62




]
Chapter 10.
[63]
Overfull \hbox (13.2888pt too wide) has occurred while \output is active
\OT1/cmr/m/n/12 64 \OT1/cmr/m/sl/12 CHAPTER 10.  PROGRAMMING - AUTOMATIC CUTTIN
G SEQUENCE
 []

[64]
<screen-captures/program/kodiak-saw-vert-travel.png, id=340, 499.8675pt x 360.5
9718pt>
File: screen-captures/program/kodiak-saw-vert-travel.png Graphic file (type png
)
<use screen-captures/program/kodiak-saw-vert-travel.png>
Package pdftex.def Info: screen-captures/program/kodiak-saw-vert-travel.png  us
ed on input line 28.
(pdftex.def)             Requested size: 195.0pt x 140.67084pt.
 [65 <./screen-captures/program/kodiak-saw-vert-travel.png>]
<screen-captures/program/kodiak-saw-crosst-travel.png, id=345, 264.23718pt x 48
1.8pt>
File: screen-captures/program/kodiak-saw-crosst-travel.png Graphic file (type p
ng)
<use screen-captures/program/kodiak-saw-crosst-travel.png>
Package pdftex.def Info: screen-captures/program/kodiak-saw-crosst-travel.png  
used on input line 37.
(pdftex.def)             Requested size: 195.0pt x 355.55598pt.

Underfull \vbox (badness 10000) has occurred while \output is active []


Overfull \hbox (13.2888pt too wide) has occurred while \output is active
\OT1/cmr/m/n/12 66 \OT1/cmr/m/sl/12 CHAPTER 10.  PROGRAMMING - AUTOMATIC CUTTIN
G SEQUENCE
 []

[66] [67 <./screen-captures/program/kodiak-saw-crosst-travel.png>]
<screen-captures/program/kodiak-saw-long-travel.png, id=354, 452.4403pt x 276.2
8218pt>
File: screen-captures/program/kodiak-saw-long-travel.png Graphic file (type png
)
<use screen-captures/program/kodiak-saw-long-travel.png>
Package pdftex.def Info: screen-captures/program/kodiak-saw-long-travel.png  us
ed on input line 45.
(pdftex.def)             Requested size: 195.0pt x 119.07303pt.
)
Overfull \hbox (13.2888pt too wide) has occurred while \output is active
\OT1/cmr/m/n/12 68 \OT1/cmr/m/sl/12 CHAPTER 10.  PROGRAMMING - AUTOMATIC CUTTIN
G SEQUENCE
 []

[68] [69 <./screen-captures/program/kodiak-saw-long-travel.png>]
Overfull \hbox (13.2888pt too wide) has occurred while \output is active
\OT1/cmr/m/n/12 70 \OT1/cmr/m/sl/12 CHAPTER 10.  PROGRAMMING - AUTOMATIC CUTTIN
G SEQUENCE
 []

[70



]
No file bps332manual.ind.
(./bps332manual.aux (./TeX_files/introduction.aux) (./TeX_files/chapter01.aux)
(./TeX_files/chapter02.aux) (./TeX_files/chapter03.aux)
(./TeX_files/chapter04.aux) (./TeX_files/chapter05.aux)
(./TeX_files/chapter06.aux) (./TeX_files/chapter07.aux)
(./TeX_files/chapter08.aux) (./TeX_files/chapter09.aux)
(./TeX_files/chapter10.aux))

LaTeX Warning: There were multiply-defined labels.

 ) 
Here is how much of TeX's memory you used:
 2104 strings out of 480806
 49777 string characters out of 5905151
 318768 words of memory out of 6000000
 19366 multiletter control sequences out of 15000+600000
 410569 words of font info for 50 fonts, out of 8000000 for 9000
 14 hyphenation exceptions out of 8191
 55i,7n,62p,3170b,239s stack positions out of 5000i,500n,10000p,200000b,80000s
</usr/share/texlive/texmf-dist/fonts/type1/public/amsfonts/cm/cmbx12.pfb></us
r/share/texlive/texmf-dist/fonts/type1/public/amsfonts/cm/cmbxti10.pfb></usr/sh
are/texlive/texmf-dist/fonts/type1/public/amsfonts/cm/cmr12.pfb></usr/share/tex
live/texmf-dist/fonts/type1/public/amsfonts/cm/cmr17.pfb></usr/share/texlive/te
xmf-dist/fonts/type1/public/amsfonts/cm/cmsl12.pfb></usr/share/texlive/texmf-di
st/fonts/type1/public/amsfonts/cm/cmsy10.pfb></usr/share/texlive/texmf-dist/fon
ts/type1/public/amsfonts/cm/cmti12.pfb>
Output written on bps332manual.pdf (82 pages, 795513 bytes).
PDF statistics:
 393 PDF objects out of 1000 (max. 8388607)
 205 compressed objects within 3 object streams
 0 named destinations out of 1000 (max. 500000)
 256 words of extra memory for PDF output out of 10000 (max. 10000000)

