This is pdfTeX, Version 3.14159265-2.6-1.40.20 (TeX Live 2019) (preloaded format=pdflatex 2019.12.3)  13 APR 2020 16:52
entering extended mode
 restricted \write18 enabled.
 %&-line parsing enabled.
**main.tex
(./main.tex
LaTeX2e <2018-12-01>
(/app/texmf-dist/tex/latex/base/book.cls
Document Class: book 2018/09/03 v1.4i Standard LaTeX document class
(/app/texmf-dist/tex/latex/base/bk12.clo
File: bk12.clo 2018/09/03 v1.4i Standard LaTeX file (size option)
)
\c@part=\count80
\c@chapter=\count81
\c@section=\count82
\c@subsection=\count83
\c@subsubsection=\count84
\c@paragraph=\count85
\c@subparagraph=\count86
\c@figure=\count87
\c@table=\count88
\abovecaptionskip=\skip41
\belowcaptionskip=\skip42
\bibindent=\dimen102
)
(/app/texmf-dist/tex/latex/base/inputenc.sty
Package: inputenc 2018/08/11 v1.3c Input encoding file
\inpenc@prehook=\toks14
\inpenc@posthook=\toks15
)
(/app/texmf-dist/tex/latex/graphics/graphicx.sty
Package: graphicx 2017/06/01 v1.1a Enhanced LaTeX Graphics (DPC,SPQR)

(/app/texmf-dist/tex/latex/graphics/keyval.sty
Package: keyval 2014/10/28 v1.15 key=value parser (DPC)
\KV@toks@=\toks16
)
(/app/texmf-dist/tex/latex/graphics/graphics.sty
Package: graphics 2017/06/25 v1.2c Standard LaTeX Graphics (DPC,SPQR)

(/app/texmf-dist/tex/latex/graphics/trig.sty
Package: trig 2016/01/03 v1.10 sin cos tan (DPC)
)
(/app/texmf-dist/tex/latex/graphics-cfg/graphics.cfg
File: graphics.cfg 2016/06/04 v1.11 sample graphics configuration
)
Package graphics Info: Driver file: pdftex.def on input line 99.

(/app/texmf-dist/tex/latex/graphics-def/pdftex.def
File: pdftex.def 2018/01/08 v1.0l Graphics/color driver for pdftex
))
\Gin@req@height=\dimen103
\Gin@req@width=\dimen104
)
(/app/texmf-dist/tex/latex/graphics/color.sty
Package: color 2016/07/10 v1.1e Standard LaTeX Color (DPC)

(/app/texmf-dist/tex/latex/graphics-cfg/color.cfg
File: color.cfg 2016/01/02 v1.6 sample color configuration
)
Package color Info: Driver file: pdftex.def on input line 147.
) (./main.aux
(./TeX_files/introduction.aux) (./TeX_files/chapter01.aux)
(./TeX_files/chapter02.aux) (./TeX_files/chapter03.aux))
\openout1 = `main.aux'.

LaTeX Font Info:    Checking defaults for OML/cmm/m/it on input line 6.
LaTeX Font Info:    ... okay on input line 6.
LaTeX Font Info:    Checking defaults for T1/cmr/m/n on input line 6.
LaTeX Font Info:    ... okay on input line 6.
LaTeX Font Info:    Checking defaults for OT1/cmr/m/n on input line 6.
LaTeX Font Info:    ... okay on input line 6.
LaTeX Font Info:    Checking defaults for OMS/cmsy/m/n on input line 6.
LaTeX Font Info:    ... okay on input line 6.
LaTeX Font Info:    Checking defaults for OMX/cmex/m/n on input line 6.
LaTeX Font Info:    ... okay on input line 6.
LaTeX Font Info:    Checking defaults for U/cmr/m/n on input line 6.
LaTeX Font Info:    ... okay on input line 6.

(/app/texmf-dist/tex/context/base/mkii/supp-pdf.mkii
[Loading MPS to PDF converter (version 2006.09.02).]
\scratchcounter=\count89
\scratchdimen=\dimen105
\scratchbox=\box27
\nofMPsegments=\count90
\nofMParguments=\count91
\everyMPshowfont=\toks17
\MPscratchCnt=\count92
\MPscratchDim=\dimen106
\MPnumerator=\count93
\makeMPintoPDFobject=\count94
\everyMPtoPDFconversion=\toks18
) (/app/texmf-dist/tex/latex/oberdiek/epstopdf-base.sty
Package: epstopdf-base 2016/05/15 v2.6 Base part for package epstopdf

(/app/texmf-dist/tex/generic/oberdiek/infwarerr.sty
Package: infwarerr 2016/05/16 v1.4 Providing info/warning/error messages (HO)
)
(/app/texmf-dist/tex/latex/oberdiek/grfext.sty
Package: grfext 2016/05/16 v1.2 Manage graphics extensions (HO)

(/app/texmf-dist/tex/generic/oberdiek/kvdefinekeys.sty
Package: kvdefinekeys 2016/05/16 v1.4 Define keys (HO)

(/app/texmf-dist/tex/generic/oberdiek/ltxcmds.sty
Package: ltxcmds 2016/05/16 v1.23 LaTeX kernel commands for general use (HO)
)))
(/app/texmf-dist/tex/latex/oberdiek/kvoptions.sty
Package: kvoptions 2016/05/16 v3.12 Key value format for package options (HO)

(/app/texmf-dist/tex/generic/oberdiek/kvsetkeys.sty
Package: kvsetkeys 2016/05/16 v1.17 Key value parser (HO)

(/app/texmf-dist/tex/generic/oberdiek/etexcmds.sty
Package: etexcmds 2016/05/16 v1.6 Avoid name clashes with e-TeX commands (HO)

(/app/texmf-dist/tex/generic/oberdiek/ifluatex.sty
Package: ifluatex 2016/05/16 v1.4 Provides the ifluatex switch (HO)
Package ifluatex Info: LuaTeX not detected.
))))
(/app/texmf-dist/tex/generic/oberdiek/pdftexcmds.sty
Package: pdftexcmds 2018/09/10 v0.29 Utility functions of pdfTeX for LuaTeX (HO
)

(/app/texmf-dist/tex/generic/oberdiek/ifpdf.sty
Package: ifpdf 2018/09/07 v3.3 Provides the ifpdf switch
)
Package pdftexcmds Info: LuaTeX not detected.
Package pdftexcmds Info: \pdf@primitive is available.
Package pdftexcmds Info: \pdf@ifprimitive is available.
Package pdftexcmds Info: \pdfdraftmode found.
)
Package epstopdf-base Info: Redefining graphics rule for `.eps' on input line 4
38.
Package grfext Info: Graphics extension search list:
(grfext)             [.pdf,.png,.jpg,.mps,.jpeg,.jbig2,.jb2,.PDF,.PNG,.JPG,.JPE
G,.JBIG2,.JB2,.eps]
(grfext)             \AppendGraphicsExtensions on input line 456.

(/app/texmf-dist/tex/latex/latexconfig/epstopdf-sys.cfg
File: epstopdf-sys.cfg 2010/07/13 v1.3 Configuration of (r)epstopdf for TeX Liv
e
))
LaTeX Font Info:    External font `cmex10' loaded for size
(Font)              <14.4> on input line 13.
LaTeX Font Info:    External font `cmex10' loaded for size
(Font)              <7> on input line 13.
 [1



{/app/texmf-var/fonts/map/pdftex/updmap/pdftex.map}] [2

] (./main.toc)
\tf@toc=\write3
\openout3 = `main.toc'.

 [3]
\openout2 = `./TeX_files/introduction.aux'.


(./TeX_files/introduction.tex [4


]
<screen-captures/main-screen.png, id=19, 797.98125pt x 608.2725pt>
File: screen-captures/main-screen.png Graphic file (type png)
<use screen-captures/main-screen.png>
Package pdftex.def Info: screen-captures/main-screen.png  used on input line 9.

(pdftex.def)             Requested size: 195.0pt x 148.64288pt.
 [5 <./screen-captures/main-screen.png (PNG copy)>]) [6]
\openout2 = `./TeX_files/chapter01.aux'.

 (./TeX_files/chapter01.tex
Chapter 1.
File: screen-captures/main-screen.png Graphic file (type png)
<use screen-captures/main-screen.png>
Package pdftex.def Info: screen-captures/main-screen.png  used on input line 6.

(pdftex.def)             Requested size: 195.0pt x 148.64288pt.

Underfull \vbox (badness 10000) has occurred while \output is active []

 [1




]
LaTeX Font Info:    External font `cmex10' loaded for size
(Font)              <12> on input line 14.
LaTeX Font Info:    External font `cmex10' loaded for size
(Font)              <8> on input line 14.
LaTeX Font Info:    External font `cmex10' loaded for size
(Font)              <6> on input line 14.
<screen-captures/main-nav.png, id=32, 205.76875pt x 248.93pt>
File: screen-captures/main-nav.png Graphic file (type png)
<use screen-captures/main-nav.png>
Package pdftex.def Info: screen-captures/main-nav.png  used on input line 23.
(pdftex.def)             Requested size: 117.00119pt x 141.54211pt.
<screen-captures/menu.png, id=34, 90.3375pt x 66.2475pt>
File: screen-captures/menu.png Graphic file (type png)
<use screen-captures/menu.png>
Package pdftex.def Info: screen-captures/menu.png  used on input line 37.
(pdftex.def)             Requested size: 56.9055pt x 41.73108pt.

Overfull \hbox (36.79132pt too wide) in paragraph at lines 34--43
[]$$[]$
 []

[2 <./screen-captures/main-nav.png> <./screen-captures/menu.png>]
<screen-captures/message-centre.png, id=41, 548.0475pt x 122.4575pt>
File: screen-captures/message-centre.png Graphic file (type png)
<use screen-captures/message-centre.png>
Package pdftex.def Info: screen-captures/message-centre.png  used on input line
 47.
(pdftex.def)             Requested size: 195.0pt x 43.5708pt.

Underfull \hbox (badness 10000) in paragraph at lines 44--68

 []


Underfull \hbox (badness 10000) in paragraph at lines 44--68

 []


Underfull \hbox (badness 10000) in paragraph at lines 44--68

 []


Underfull \hbox (badness 10000) in paragraph at lines 44--68

 []


Underfull \hbox (badness 10000) in paragraph at lines 44--68

 []


Underfull \hbox (badness 10000) in paragraph at lines 44--68

 []


Underfull \hbox (badness 10000) in paragraph at lines 44--68

 []


Underfull \hbox (badness 10000) in paragraph at lines 44--68

 []


Underfull \hbox (badness 10000) in paragraph at lines 44--68

 []


Underfull \hbox (badness 10000) in paragraph at lines 44--68

 []


Underfull \hbox (badness 10000) in paragraph at lines 44--68

 []


Underfull \hbox (badness 10000) in paragraph at lines 44--68

 []


Underfull \hbox (badness 10000) in paragraph at lines 44--68

 []


Underfull \hbox (badness 10000) in paragraph at lines 44--68

 []


Underfull \vbox (badness 10000) has occurred while \output is active []

 [3 <./screen-captures/message-centre.png>]
<screen-captures/saw-info.png, id=46, 231.86626pt x 180.675pt>
File: screen-captures/saw-info.png Graphic file (type png)
<use screen-captures/saw-info.png>
Package pdftex.def Info: screen-captures/saw-info.png  used on input line 74.
(pdftex.def)             Requested size: 195.0pt x 151.95065pt.

Underfull \hbox (badness 10000) in paragraph at lines 69--90

 []


Underfull \hbox (badness 10000) in paragraph at lines 69--90

 []


Underfull \hbox (badness 10000) in paragraph at lines 69--90

 []


Underfull \hbox (badness 10000) in paragraph at lines 69--90

 []


Underfull \hbox (badness 10000) in paragraph at lines 69--90

 []


Underfull \hbox (badness 10000) in paragraph at lines 69--90

 []


Underfull \hbox (badness 10000) in paragraph at lines 69--90

 []


Underfull \hbox (badness 10000) in paragraph at lines 69--90

 []


Underfull \hbox (badness 10000) in paragraph at lines 69--90

 []


Underfull \hbox (badness 10000) in paragraph at lines 69--90

 []


Underfull \vbox (badness 10000) has occurred while \output is active []

 [4 <./screen-captures/saw-info.png>]
<screen-captures/main-screen-prg-det.png, id=51, 543.02875pt x 102.3825pt>
File: screen-captures/main-screen-prg-det.png Graphic file (type png)
<use screen-captures/main-screen-prg-det.png>
Package pdftex.def Info: screen-captures/main-screen-prg-det.png  used on input
 line 96.
(pdftex.def)             Requested size: 370.49881pt x 69.85663pt.
<screen-captures/main-screen-opctl.png, id=52, 400.49625pt x 177.66376pt>
File: screen-captures/main-screen-opctl.png Graphic file (type png)
<use screen-captures/main-screen-opctl.png>
Package pdftex.def Info: screen-captures/main-screen-opctl.png  used on input l
ine 108.
(pdftex.def)             Requested size: 370.49881pt x 164.36621pt.

Underfull \hbox (badness 10000) in paragraph at lines 90--112

 []


Underfull \hbox (badness 10000) in paragraph at lines 90--112

 []


Underfull \hbox (badness 10000) in paragraph at lines 90--112

 []


Underfull \hbox (badness 10000) in paragraph at lines 90--112

 []


Underfull \vbox (badness 10000) has occurred while \output is active []

 [5 <./screen-captures/main-screen-prg-det.png>]
<screen-captures/main-screen-mode-strt-stp.png, id=56, 268.00125pt x 179.67125p
t>
File: screen-captures/main-screen-mode-strt-stp.png Graphic file (type png)
<use screen-captures/main-screen-mode-strt-stp.png>
Package pdftex.def Info: screen-captures/main-screen-mode-strt-stp.png  used on
 input line 118.
(pdftex.def)             Requested size: 370.49881pt x 248.38521pt.
 [6 <./screen-captures/main-screen-opctl.png>] [7 <./screen-captures/main-scree
n-mode-strt-stp.png>]
<screen-captures/main-screen-mach-full-stop.png, id=64, 93.34875pt x 178.6675pt
>
File: screen-captures/main-screen-mach-full-stop.png Graphic file (type png)
<use screen-captures/main-screen-mach-full-stop.png>
Package pdftex.def Info: screen-captures/main-screen-mach-full-stop.png  used o
n input line 126.
(pdftex.def)             Requested size: 77.99881pt x 149.29451pt.
 [8 <./screen-captures/main-screen-mach-full-stop.png>]) [9]
\openout2 = `./TeX_files/chapter02.aux'.

 (./TeX_files/chapter02.tex [10



]
Chapter 2.
<screen-captures/alarms.png, id=74, 800.9925pt x 614.295pt>
File: screen-captures/alarms.png Graphic file (type png)
<use screen-captures/alarms.png>
Package pdftex.def Info: screen-captures/alarms.png  used on input line 7.
(pdftex.def)             Requested size: 195.0pt x 149.54282pt.

Underfull \vbox (badness 10000) has occurred while \output is active []

 [11 <./screen-captures/alarms.png (PNG copy)>]
<screen-captures/alarms-nav.png, id=78, 195.73125pt x 172.645pt>
File: screen-captures/alarms-nav.png Graphic file (type png)
<use screen-captures/alarms-nav.png>
Package pdftex.def Info: screen-captures/alarms-nav.png  used on input line 22.

(pdftex.def)             Requested size: 117.00119pt x 103.20317pt.
File: screen-captures/menu.png Graphic file (type png)
<use screen-captures/menu.png>
Package pdftex.def Info: screen-captures/menu.png  used on input line 35.
(pdftex.def)             Requested size: 56.9055pt x 41.73108pt.

Overfull \hbox (36.79132pt too wide) in paragraph at lines 32--41
[]$$[]$
 []

[12 <./screen-captures/alarms-nav.png>]
<screen-captures/alarm-msg-cntr.png, id=82, 558.085pt x 136.51pt>
File: screen-captures/alarm-msg-cntr.png Graphic file (type png)
<use screen-captures/alarm-msg-cntr.png>
Package pdftex.def Info: screen-captures/alarm-msg-cntr.png  used on input line
 44.
(pdftex.def)             Requested size: 195.0pt x 47.69797pt.

Underfull \hbox (badness 10000) in paragraph at lines 41--73

 []


Underfull \hbox (badness 10000) in paragraph at lines 41--73

 []


Underfull \hbox (badness 10000) in paragraph at lines 41--73

 []


Underfull \hbox (badness 10000) in paragraph at lines 41--73

 []


Underfull \hbox (badness 10000) in paragraph at lines 41--73

 []


Underfull \hbox (badness 10000) in paragraph at lines 41--73

 []


Underfull \hbox (badness 10000) in paragraph at lines 41--73

 []


Underfull \hbox (badness 10000) in paragraph at lines 41--73

 []


Underfull \hbox (badness 10000) in paragraph at lines 41--73

 []


Underfull \hbox (badness 10000) in paragraph at lines 41--73

 []


Underfull \hbox (badness 10000) in paragraph at lines 41--73

 []


Underfull \hbox (badness 10000) in paragraph at lines 41--73

 []


Underfull \hbox (badness 10000) in paragraph at lines 41--73

 []


Underfull \hbox (badness 10000) in paragraph at lines 41--73

 []


Underfull \hbox (badness 10000) in paragraph at lines 41--73

 []


Underfull \hbox (badness 10000) in paragraph at lines 41--73

 []


Underfull \hbox (badness 10000) in paragraph at lines 41--73

 []


Underfull \hbox (badness 10000) in paragraph at lines 41--73

 []


Underfull \hbox (badness 10000) in paragraph at lines 41--73

 []


Underfull \hbox (badness 10000) in paragraph at lines 41--73

 []


Underfull \hbox (badness 10000) in paragraph at lines 41--73

 []


Underfull \hbox (badness 10000) in paragraph at lines 41--73

 []


Underfull \vbox (badness 4217) has occurred while \output is active []

 [13 <./screen-captures/alarm-msg-cntr.png>]
<screen-captures/alarms-reset.png, id=87, 286.06876pt x 98.3675pt>
File: screen-captures/alarms-reset.png Graphic file (type png)
<use screen-captures/alarms-reset.png>
Package pdftex.def Info: screen-captures/alarms-reset.png  used on input line 7
6.
(pdftex.def)             Requested size: 117.00119pt x 40.23186pt.
) [14 <./screen-captures/alarms-reset.png>]
[15]
\openout2 = `./TeX_files/chapter03.aux'.

 (./TeX_files/chapter03.tex [16



]
Chapter 3.
<screen-captures/manual.png, id=97, 795.97375pt x 609.27625pt>
File: screen-captures/manual.png Graphic file (type png)
<use screen-captures/manual.png>
Package pdftex.def Info: screen-captures/manual.png  used on input line 6.
(pdftex.def)             Requested size: 195.0pt x 149.26004pt.
<screen-captures/manual-nav.png, id=98, 215.80624pt x 588.1975pt>
File: screen-captures/manual-nav.png Graphic file (type png)
<use screen-captures/manual-nav.png>
Package pdftex.def Info: screen-captures/manual-nav.png  used on input line 19.

(pdftex.def)             Requested size: 117.00119pt x 318.8964pt.

Underfull \hbox (badness 10000) in paragraph at lines 2--23

 []


Underfull \hbox (badness 10000) in paragraph at lines 2--23

 []


Underfull \hbox (badness 10000) in paragraph at lines 2--23

 []


Underfull \hbox (badness 10000) in paragraph at lines 2--23

 []


Underfull \hbox (badness 10000) in paragraph at lines 2--23

 []


Underfull \vbox (badness 10000) has occurred while \output is active []

 [17 <./screen-captures/manual.png (PNG copy)>] [18 <./screen-captures/manual-n
av.png>]
File: screen-captures/menu.png Graphic file (type png)
<use screen-captures/menu.png>
Package pdftex.def Info: screen-captures/menu.png  used on input line 44.
(pdftex.def)             Requested size: 56.9055pt x 41.73108pt.
<screen-captures/manual-home-all.png, id=105, 96.36pt x 248.93pt>
File: screen-captures/manual-home-all.png Graphic file (type png)
<use screen-captures/manual-home-all.png>
Package pdftex.def Info: screen-captures/manual-home-all.png  used on input lin
e 52.
(pdftex.def)             Requested size: 77.99881pt x 201.49544pt.

Overfull \hbox (36.79132pt too wide) in paragraph at lines 41--56
[]$$[]$
 []


Underfull \vbox (badness 10000) has occurred while \output is active []

 [19]
[20 <./screen-captures/manual-home-all.png>]
<screen-captures/manual-lazer.png, id=113, 104.39pt x 255.95625pt>
File: screen-captures/manual-lazer.png Graphic file (type png)
<use screen-captures/manual-lazer.png>
Package pdftex.def Info: screen-captures/manual-lazer.png  used on input line 7
5.
(pdftex.def)             Requested size: 77.99881pt x 191.25589pt.

Underfull \vbox (badness 10000) has occurred while \output is active []

 [21]
<screen-captures/manual-water.png, id=117, 101.37875pt x 259.97125pt>
File: screen-captures/manual-water.png Graphic file (type png)
<use screen-captures/manual-water.png>
Package pdftex.def Info: screen-captures/manual-water.png  used on input line 8
6.
(pdftex.def)             Requested size: 77.99881pt x 200.0198pt.

Underfull \vbox (badness 10000) has occurred while \output is active []

 [22 <./screen-captures/manual-lazer.png>]
<screen-captures/manual-saw.png, id=121, 97.36375pt x 329.23pt>
File: screen-captures/manual-saw.png Graphic file (type png)
<use screen-captures/manual-saw.png>
Package pdftex.def Info: screen-captures/manual-saw.png  used on input line 97.

(pdftex.def)             Requested size: 77.99881pt x 263.7561pt.

Underfull \vbox (badness 10000) has occurred while \output is active []

 [23 <./screen-captures/manual-water.png>]) [24 <./screen-captures/manual-saw.p
ng>]
(./main.aux (./TeX_files/introduction.aux) (./TeX_files/chapter01.aux)
(./TeX_files/chapter02.aux) (./TeX_files/chapter03.aux)) ) 
Here is how much of TeX's memory you used:
 1681 strings out of 492623
 25518 string characters out of 6130947
 93141 words of memory out of 5000000
 5539 multiletter control sequences out of 15000+600000
 9866 words of font info for 34 fonts, out of 8000000 for 9000
 1141 hyphenation exceptions out of 8191
 41i,7n,25p,3154b,233s stack positions out of 5000i,500n,10000p,200000b,80000s
</app/texmf-dist/font
s/type1/public/amsfonts/cm/cmbx12.pfb></app/texmf-dist/fonts/type1/public/amsfo
nts/cm/cmbxti10.pfb></app/texmf-dist/fonts/type1/public/amsfonts/cm/cmr12.pfb><
/app/texmf-dist/fonts/type1/public/amsfonts/cm/cmr17.pfb></app/texmf-dist/fonts
/type1/public/amsfonts/cm/cmsl12.pfb></app/texmf-dist/fonts/type1/public/amsfon
ts/cm/cmsy10.pfb></app/texmf-dist/fonts/type1/public/amsfonts/cm/cmti12.pfb>
Output written on main.pdf (30 pages, 354478 bytes).
PDF statistics:
 154 PDF objects out of 1000 (max. 8388607)
 89 compressed objects within 1 object stream
 0 named destinations out of 1000 (max. 500000)
 96 words of extra memory for PDF output out of 10000 (max. 10000000)

